<?xml version="1.0" encoding="UTF-8"?>
<!-- Generated by org.testng.reporters.JUnitXMLReporter -->
<testsuite ignored="0" hostname="ATMECSINDT-080" failures="1" tests="10" name="Test" time="33.609" errors="0" timestamp="2019-09-19T16:42:03 IST">
  <testcase classname="com.atmecs.practodoctors.testscripts.BookAppointment" name="ClickOnDoctors" time="1.944"/>
  <testcase classname="com.atmecs.practodoctors.testscripts.BookAppointment" name="ValidateUrlPractoPage" time="10.157">
    <failure type="org.openqa.selenium.NoSuchElementException" message="no such element: Unable to locate element: {&amp;quot;method&amp;quot;:&amp;quot;link text&amp;quot;,&amp;quot;selector&amp;quot;:&amp;quot;https://www.practo.com/ &amp;quot;}
  (Session info: chrome=76.0.3809.132)
For documentation on this error, please visit: https://www.seleniumhq.org/exceptions/no_such_element.html
Build info: version: &amp;apos;3.141.59&amp;apos;, revision: &amp;apos;e82be7d358&amp;apos;, time: &amp;apos;2018-11-14T08:17:03&amp;apos;
System info: host: &amp;apos;ATMECSINDT-080&amp;apos;, ip: &amp;apos;40.40.40.148&amp;apos;, os.name: &amp;apos;Windows 10&amp;apos;, os.arch: &amp;apos;amd64&amp;apos;, os.version: &amp;apos;10.0&amp;apos;, java.version: &amp;apos;12.0.2&amp;apos;
Driver info: org.openqa.selenium.chrome.ChromeDriver
Capabilities {acceptInsecureCerts: false, browserName: chrome, browserVersion: 76.0.3809.132, chrome: {chromedriverVersion: 76.0.3809.126 (d80a294506b4..., userDataDir: C:\Users\SAKTHI~1.SEK\AppDa...}, goog:chromeOptions: {debuggerAddress: localhost:65204}, javascriptEnabled: true, networkConnectionEnabled: false, pageLoadStrategy: normal, platform: XP, platformName: XP, proxy: Proxy(), setWindowRect: true, strictFileInteractability: false, timeouts: {implicit: 0, pageLoad: 300000, script: 30000}, unhandledPromptBehavior: dismiss and notify}
Session ID: b86d0f64d532b03fe702c7879e53517c
*** Element info: {Using=link text, value=https://www.practo.com/ }">
      <![CDATA[org.openqa.selenium.NoSuchElementException: no such element: Unable to locate element: {"method":"link text","selector":"https://www.practo.com/ "}
  (Session info: chrome=76.0.3809.132)
For documentation on this error, please visit: https://www.seleniumhq.org/exceptions/no_such_element.html
Build info: version: '3.141.59', revision: 'e82be7d358', time: '2018-11-14T08:17:03'
System info: host: 'ATMECSINDT-080', ip: '40.40.40.148', os.name: 'Windows 10', os.arch: 'amd64', os.version: '10.0', java.version: '12.0.2'
Driver info: org.openqa.selenium.chrome.ChromeDriver
Capabilities {acceptInsecureCerts: false, browserName: chrome, browserVersion: 76.0.3809.132, chrome: {chromedriverVersion: 76.0.3809.126 (d80a294506b4..., userDataDir: C:\Users\SAKTHI~1.SEK\AppDa...}, goog:chromeOptions: {debuggerAddress: localhost:65204}, javascriptEnabled: true, networkConnectionEnabled: false, pageLoadStrategy: normal, platform: XP, platformName: XP, proxy: Proxy(), setWindowRect: true, strictFileInteractability: false, timeouts: {implicit: 0, pageLoad: 300000, script: 30000}, unhandledPromptBehavior: dismiss and notify}
Session ID: b86d0f64d532b03fe702c7879e53517c
*** Element info: {Using=link text, value=https://www.practo.com/ }
at org.openqa.selenium.remote.http.W3CHttpResponseCodec.createException(W3CHttpResponseCodec.java:187)
at org.openqa.selenium.remote.http.W3CHttpResponseCodec.decode(W3CHttpResponseCodec.java:122)
at org.openqa.selenium.remote.http.W3CHttpResponseCodec.decode(W3CHttpResponseCodec.java:49)
at org.openqa.selenium.remote.HttpCommandExecutor.execute(HttpCommandExecutor.java:158)
at org.openqa.selenium.remote.service.DriverCommandExecutor.execute(DriverCommandExecutor.java:83)
at org.openqa.selenium.remote.RemoteWebDriver.execute(RemoteWebDriver.java:552)
at org.openqa.selenium.remote.RemoteWebDriver.findElement(RemoteWebDriver.java:323)
at org.openqa.selenium.remote.RemoteWebDriver.findElementByLinkText(RemoteWebDriver.java:380)
at org.openqa.selenium.By$ByLinkText.findElement(By.java:220)
at org.openqa.selenium.remote.RemoteWebDriver.findElement(RemoteWebDriver.java:315)
at com.atmecs.practodoctors.validatescripts.ValidatePractoDoctors.ValidateUrl(ValidatePractoDoctors.java:13)
at com.atmecs.practodoctors.testscripts.BookAppointment.ValidateUrlPractoPage(BookAppointment.java:34)
at java.base/java.util.ArrayList.forEach(ArrayList.java:1540)
... Removed 32 stack frames]]>
    </failure>
  </testcase> <!-- ValidateUrlPractoPage -->
  <testcase classname="com.atmecs.practodoctors.testscripts.BookAppointment" name="CLickOnDetect" time="0.118"/>
  <testcase classname="com.atmecs.practodoctors.testscripts.BookAppointment" name="SelectSpecialities" time="8.445"/>
  <testcase classname="com.atmecs.practodoctors.testscripts.BookAppointment" name="ClickOnAvailability" time="0.081"/>
  <testcase classname="com.atmecs.practodoctors.testscripts.BookAppointment" name="SelectAvailability" time="0.156"/>
  <testcase classname="com.atmecs.practodoctors.testscripts.BookAppointment" name="ClickRelevance" time="2.859"/>
  <testcase classname="com.atmecs.practodoctors.testscripts.BookAppointment" name="SelectLowToHigh" time="6.571"/>
  <testcase classname="com.atmecs.practodoctors.testscripts.BookAppointment" name="ClickOnBookAppointment" time="2.74"/>
  <testcase classname="com.atmecs.practodoctors.testscripts.BookAppointment" name="ClickOnCallNow" time="0.46"/>
</testsuite> <!-- Test -->
